Build started 2016/3/10 22:31:11.
     1>Project "F:\c\qqq\qqq\qqq.vcxproj" on node 2 (build target(s)).
     1>C:\Windows\Microsoft.NET\Framework\v4.0.30319\Microsoft.Common.Targets(847,9): warning MSB3644: The reference assemblies for framework ".NETFramework,Version=v4.0" were not found. To resolve this, install the SDK or Targeting Pack for this framework version or retarget your application to a version of the framework for which you have the SDK or Targeting Pack installed. Note that assemblies will be resolved from the Global Assembly Cache (GAC) and will be used in place of reference assemblies. Therefore your assembly may not be correctly targeted for the framework you intend.
     1>PrepareForBuild:
         Creating directory "F:\c\qqq\Release\".
       InitializeBuildStatus:
         Creating "Release\qqq.unsuccessfulbuild" because "AlwaysCreate" was specified.
       ClCompile:
         f:\下载\vs2010\VC\bin\CL.exe /c /Zi /nologo /W3 /WX- /O2 /Oi /Oy- /GL /D WIN32 /D NDEBUG /D _CONSOLE /D _UNICODE /D UNICODE /Gm- /EHsc /MD /GS /Gy /fp:precise /Zc:wchar_t /Zc:forScope /Fo"Release\\" /Fd"Release\vc100.pdb" /Gd /TP /analyze- /errorReport:prompt eee.cpp
         eee.cpp
       Link:
         f:\下载\vs2010\VC\bin\link.exe /ERRORREPORT:PROMPT /OUT:"F:\c\qqq\Release\qqq.exe" /INCREMENTAL:NO /NOLOGO kernel32.lib user32.lib gdi32.lib winspool.lib comdlg32.lib advapi32.lib shell32.lib ole32.lib oleaut32.lib uuid.lib odbc32.lib odbccp32.lib /MANIFEST /ManifestFile:"Release\qqq.exe.intermediate.manifest" /MANIFESTUAC:"level='asInvoker' uiAccess='false'" /DEBUG /PDB:"F:\c\qqq\Release\qqq.pdb" /SUBSYSTEM:CONSOLE /OPT:REF /OPT:ICF /LTCG /TLBID:1 /DYNAMICBASE /NXCOMPAT /IMPLIB:"F:\c\qqq\Release\qqq.lib" /MACHINE:X86 Release\eee.obj
         Generating code
         Finished generating code
         qqq.vcxproj -> F:\c\qqq\Release\qqq.exe
       Manifest:
         C:\Program Files (x86)\Microsoft SDKs\Windows\v7.0A\bin\mt.exe /nologo /verbose /outputresource:"F:\c\qqq\Release\qqq.exe;#1" /manifest Release\qqq.exe.intermediate.manifest
       FinalizeBuildStatus:
         Deleting file "Release\qqq.unsuccessfulbuild".
         Touching "Release\qqq.lastbuildstate".
     1>Done Building Project "F:\c\qqq\qqq\qqq.vcxproj" (build target(s)).

Build succeeded.

Time Elapsed 00:00:01.89
