Build started 2016/3/10 22:28:01.
     1>Project "F:\c\qqq\qqq\qqq.vcxproj" on node 2 (build target(s)).
     1>C:\Windows\Microsoft.NET\Framework\v4.0.30319\Microsoft.Common.Targets(847,9): warning MSB3644: The reference assemblies for framework ".NETFramework,Version=v4.0" were not found. To resolve this, install the SDK or Targeting Pack for this framework version or retarget your application to a version of the framework for which you have the SDK or Targeting Pack installed. Note that assemblies will be resolved from the Global Assembly Cache (GAC) and will be used in place of reference assemblies. Therefore your assembly may not be correctly targeted for the framework you intend.
     1>InitializeBuildStatus:
         Creating "Debug\qqq.unsuccessfulbuild" because "AlwaysCreate" was specified.
       ClCompile:
         f:\下载\vs2010\VC\bin\CL.exe /c /ZI /nologo /W3 /WX- /Od /Oy- /D WIN32 /D _DEBUG /D _CONSOLE /D _UNICODE /D UNICODE /Gm /EHsc /RTC1 /MDd /GS /fp:precise /Zc:wchar_t /Zc:forScope /Fo"Debug\\" /Fd"Debug\vc100.pdb" /Gd /TP /analyze- /errorReport:prompt eee.cpp
         eee.cpp
       ManifestResourceCompile:
         All outputs are up-to-date.
       Link:
         f:\下载\vs2010\VC\bin\link.exe /ERRORREPORT:PROMPT /OUT:"F:\c\qqq\Debug\qqq.exe" /INCREMENTAL /NOLOGO kernel32.lib user32.lib gdi32.lib winspool.lib comdlg32.lib advapi32.lib shell32.lib ole32.lib oleaut32.lib uuid.lib odbc32.lib odbccp32.lib /MANIFEST /ManifestFile:"Debug\qqq.exe.intermediate.manifest" /MANIFESTUAC:"level='asInvoker' uiAccess='false'" /DEBUG /PDB:"F:\c\qqq\Debug\qqq.pdb" /SUBSYSTEM:CONSOLE /TLBID:1 /DYNAMICBASE /NXCOMPAT /IMPLIB:"F:\c\qqq\Debug\qqq.lib" /MACHINE:X86 Debug\qqq.exe.embed.manifest.res
         Debug\eee.obj
       Manifest:
         C:\Program Files (x86)\Microsoft SDKs\Windows\v7.0A\bin\mt.exe /nologo /verbose /out:"Debug\qqq.exe.embed.manifest" /manifest Debug\qqq.exe.intermediate.manifest
         All outputs are up-to-date.
       LinkEmbedManifest:
         All outputs are up-to-date.
         qqq.vcxproj -> F:\c\qqq\Debug\qqq.exe
       FinalizeBuildStatus:
         Deleting file "Debug\qqq.unsuccessfulbuild".
         Touching "Debug\qqq.lastbuildstate".
     1>Done Building Project "F:\c\qqq\qqq\qqq.vcxproj" (build target(s)).

Build succeeded.

Time Elapsed 00:00:02.63
